[2m2022-05-26 18:08:50.739[0;39m [32m INFO[0;39m [35m240[0;39m [2m---[0;39m [2m[  restartedMain][0;39m [36m.e.DevToolsPropertyDefaultsPostProcessor[0;39m [2m:[0;39m Devtools property defaults active! Set 'spring.devtools.add-properties' to 'false' to disable
[2m2022-05-26 18:08:50.741[0;39m [32m INFO[0;39m [35m240[0;39m [2m---[0;39m [2m[  restartedMain][0;39m [36m.e.DevToolsPropertyDefaultsPostProcessor[0;39m [2m:[0;39m For additional web related logging consider setting the 'logging.level.web' property to 'DEBUG'
[2m2022-05-26 18:08:52.013[0;39m [32m INFO[0;39m [35m240[0;39m [2m---[0;39m [2m[  restartedMain][0;39m [36mo.s.b.w.embedded.tomcat.TomcatWebServer [0;39m [2m:[0;39m Tomcat initialized with port(s): 9999 (http)
[2m2022-05-26 18:08:52.222[0;39m [32m INFO[0;39m [35m240[0;39m [2m---[0;39m [2m[  restartedMain][0;39m [36mw.s.c.ServletWebServerApplicationContext[0;39m [2m:[0;39m Root WebApplicationContext: initialization completed in 1480 ms
[2m2022-05-26 18:08:53.540[0;39m [32m INFO[0;39m [35m240[0;39m [2m---[0;39m [2m[  restartedMain][0;39m [36mo.s.b.d.a.OptionalLiveReloadServer      [0;39m [2m:[0;39m LiveReload server is running on port 35729
[2m2022-05-26 18:08:53.709[0;39m [32m INFO[0;39m [35m240[0;39m [2m---[0;39m [2m[  restartedMain][0;39m [36mo.s.b.w.embedded.tomcat.TomcatWebServer [0;39m [2m:[0;39m Tomcat started on port(s): 9999 (http) with context path ''
[2m2022-05-26 18:08:56.574[0;39m [32m INFO[0;39m [35m240[0;39m [2m---[0;39m [2m[nio-9999-exec-1][0;39m [36mo.s.web.servlet.DispatcherServlet       [0;39m [2m:[0;39m Initializing Servlet 'dispatcherServlet'
[2m2022-05-26 18:08:56.575[0;39m [32m INFO[0;39m [35m240[0;39m [2m---[0;39m [2m[nio-9999-exec-1][0;39m [36mo.s.web.servlet.DispatcherServlet       [0;39m [2m:[0;39m Completed initialization in 1 ms
[2m2022-05-26 18:08:56.602[0;39m [32mDEBUG[0;39m [35m240[0;39m [2m---[0;39m [2m[nio-9999-exec-1][0;39m [36mc.ssafy.vue.controller.BoardController  [0;39m [2m:[0;39m listBoard 호출
[2m2022-05-26 18:08:56.852[0;39m [32mDEBUG[0;39m [35m240[0;39m [2m---[0;39m [2m[nio-9999-exec-3][0;39m [36mc.ssafy.vue.controller.BoardController  [0;39m [2m:[0;39m selectTag 호출 16
[2m2022-05-26 18:08:56.852[0;39m [32mDEBUG[0;39m [35m240[0;39m [2m---[0;39m [2m[nio-9999-exec-2][0;39m [36mc.ssafy.vue.controller.BoardController  [0;39m [2m:[0;39m selectTag 호출 17
[2m2022-05-26 18:08:56.852[0;39m [32mDEBUG[0;39m [35m240[0;39m [2m---[0;39m [2m[nio-9999-exec-7][0;39m [36mc.ssafy.vue.controller.BoardController  [0;39m [2m:[0;39m selectTag 호출 12
[2m2022-05-26 18:08:56.852[0;39m [32mDEBUG[0;39m [35m240[0;39m [2m---[0;39m [2m[nio-9999-exec-4][0;39m [36mc.ssafy.vue.controller.BoardController  [0;39m [2m:[0;39m selectTag 호출 15
[2m2022-05-26 18:08:56.852[0;39m [32mDEBUG[0;39m [35m240[0;39m [2m---[0;39m [2m[nio-9999-exec-5][0;39m [36mc.ssafy.vue.controller.BoardController  [0;39m [2m:[0;39m selectTag 호출 14
[2m2022-05-26 18:08:56.852[0;39m [32mDEBUG[0;39m [35m240[0;39m [2m---[0;39m [2m[nio-9999-exec-6][0;39m [36mc.ssafy.vue.controller.BoardController  [0;39m [2m:[0;39m selectTag 호출 13
[2m2022-05-26 18:08:56.877[0;39m [32mDEBUG[0;39m [35m240[0;39m [2m---[0;39m [2m[nio-9999-exec-1][0;39m [36mc.ssafy.vue.controller.BoardController  [0;39m [2m:[0;39m selectTag 호출 5
[2m2022-05-26 18:08:56.883[0;39m [32mDEBUG[0;39m [35m240[0;39m [2m---[0;39m [2m[nio-9999-exec-6][0;39m [36mc.ssafy.vue.controller.BoardController  [0;39m [2m:[0;39m selectTag 호출 2
[2m2022-05-26 18:08:56.883[0;39m [32mDEBUG[0;39m [35m240[0;39m [2m---[0;39m [2m[nio-9999-exec-9][0;39m [36mc.ssafy.vue.controller.BoardController  [0;39m [2m:[0;39m selectTag 호출 6
[2m2022-05-26 18:08:56.883[0;39m [32mDEBUG[0;39m [35m240[0;39m [2m---[0;39m [2m[io-9999-exec-10][0;39m [36mc.ssafy.vue.controller.BoardController  [0;39m [2m:[0;39m selectTag 호출 4
[2m2022-05-26 18:08:56.881[0;39m [32mDEBUG[0;39m [35m240[0;39m [2m---[0;39m [2m[nio-9999-exec-8][0;39m [36mc.ssafy.vue.controller.BoardController  [0;39m [2m:[0;39m selectTag 호출 7
[2m2022-05-26 18:08:56.886[0;39m [32mDEBUG[0;39m [35m240[0;39m [2m---[0;39m [2m[nio-9999-exec-7][0;39m [36mc.ssafy.vue.controller.BoardController  [0;39m [2m:[0;39m selectTag 호출 1
[2m2022-05-26 18:08:59.398[0;39m [32mDEBUG[0;39m [35m240[0;39m [2m---[0;39m [2m[nio-9999-exec-5][0;39m [36mc.ssafy.vue.controller.BoardController  [0;39m [2m:[0;39m selectTag 호출 17
[2m2022-05-26 18:08:59.398[0;39m [32mDEBUG[0;39m [35m240[0;39m [2m---[0;39m [2m[nio-9999-exec-2][0;39m [36mc.ssafy.vue.controller.BoardController  [0;39m [2m:[0;39m updateView 호출 17
[2m2022-05-26 18:08:59.401[0;39m [32mDEBUG[0;39m [35m240[0;39m [2m---[0;39m [2m[nio-9999-exec-3][0;39m [36mc.ssafy.vue.controller.BoardController  [0;39m [2m:[0;39m selectBoard 호출
[2m2022-05-26 18:09:04.693[0;39m [32mDEBUG[0;39m [35m240[0;39m [2m---[0;39m [2m[nio-9999-exec-5][0;39m [36mc.ssafy.vue.controller.BoardController  [0;39m [2m:[0;39m listBoard 호출
[2m2022-05-26 18:09:04.710[0;39m [32mDEBUG[0;39m [35m240[0;39m [2m---[0;39m [2m[nio-9999-exec-3][0;39m [36mc.ssafy.vue.controller.BoardController  [0;39m [2m:[0;39m selectTag 호출 17
[2m2022-05-26 18:09:04.713[0;39m [32mDEBUG[0;39m [35m240[0;39m [2m---[0;39m [2m[nio-9999-exec-2][0;39m [36mc.ssafy.vue.controller.BoardController  [0;39m [2m:[0;39m selectTag 호출 16
[2m2022-05-26 18:09:04.717[0;39m [32mDEBUG[0;39m [35m240[0;39m [2m---[0;39m [2m[nio-9999-exec-4][0;39m [36mc.ssafy.vue.controller.BoardController  [0;39m [2m:[0;39m selectTag 호출 15
[2m2022-05-26 18:09:04.721[0;39m [32mDEBUG[0;39m [35m240[0;39m [2m---[0;39m [2m[nio-9999-exec-1][0;39m [36mc.ssafy.vue.controller.BoardController  [0;39m [2m:[0;39m selectTag 호출 14
[2m2022-05-26 18:09:04.723[0;39m [32mDEBUG[0;39m [35m240[0;39m [2m---[0;39m [2m[nio-9999-exec-6][0;39m [36mc.ssafy.vue.controller.BoardController  [0;39m [2m:[0;39m selectTag 호출 13
[2m2022-05-26 18:09:04.726[0;39m [32mDEBUG[0;39m [35m240[0;39m [2m---[0;39m [2m[nio-9999-exec-9][0;39m [36mc.ssafy.vue.controller.BoardController  [0;39m [2m:[0;39m selectTag 호출 12
[2m2022-05-26 18:09:04.728[0;39m [32mDEBUG[0;39m [35m240[0;39m [2m---[0;39m [2m[io-9999-exec-10][0;39m [36mc.ssafy.vue.controller.BoardController  [0;39m [2m:[0;39m selectTag 호출 7
[2m2022-05-26 18:09:04.732[0;39m [32mDEBUG[0;39m [35m240[0;39m [2m---[0;39m [2m[nio-9999-exec-8][0;39m [36mc.ssafy.vue.controller.BoardController  [0;39m [2m:[0;39m selectTag 호출 6
[2m2022-05-26 18:09:04.743[0;39m [32mDEBUG[0;39m [35m240[0;39m [2m---[0;39m [2m[nio-9999-exec-5][0;39m [36mc.ssafy.vue.controller.BoardController  [0;39m [2m:[0;39m selectTag 호출 4
[2m2022-05-26 18:09:04.743[0;39m [32mDEBUG[0;39m [35m240[0;39m [2m---[0;39m [2m[nio-9999-exec-7][0;39m [36mc.ssafy.vue.controller.BoardController  [0;39m [2m:[0;39m selectTag 호출 5
[2m2022-05-26 18:09:04.743[0;39m [32mDEBUG[0;39m [35m240[0;39m [2m---[0;39m [2m[nio-9999-exec-2][0;39m [36mc.ssafy.vue.controller.BoardController  [0;39m [2m:[0;39m selectTag 호출 1
[2m2022-05-26 18:09:04.743[0;39m [32mDEBUG[0;39m [35m240[0;39m [2m---[0;39m [2m[nio-9999-exec-3][0;39m [36mc.ssafy.vue.controller.BoardController  [0;39m [2m:[0;39m selectTag 호출 2
[2m2022-05-26 18:09:05.546[0;39m [32mDEBUG[0;39m [35m240[0;39m [2m---[0;39m [2m[nio-9999-exec-1][0;39m [36mc.ssafy.vue.controller.BoardController  [0;39m [2m:[0;39m updateView 호출 17
[2m2022-05-26 18:09:05.546[0;39m [32mDEBUG[0;39m [35m240[0;39m [2m---[0;39m [2m[nio-9999-exec-4][0;39m [36mc.ssafy.vue.controller.BoardController  [0;39m [2m:[0;39m selectBoard 호출
[2m2022-05-26 18:09:05.546[0;39m [32mDEBUG[0;39m [35m240[0;39m [2m---[0;39m [2m[nio-9999-exec-6][0;39m [36mc.ssafy.vue.controller.BoardController  [0;39m [2m:[0;39m selectTag 호출 17
[2m2022-05-26 18:09:07.130[0;39m [32mDEBUG[0;39m [35m240[0;39m [2m---[0;39m [2m[nio-9999-exec-9][0;39m [36mc.ssafy.vue.controller.BoardController  [0;39m [2m:[0;39m deleteBoard 호출, no : 17
[2m2022-05-26 18:09:07.174[0;39m [32mDEBUG[0;39m [35m240[0;39m [2m---[0;39m [2m[io-9999-exec-10][0;39m [36mc.ssafy.vue.controller.BoardController  [0;39m [2m:[0;39m listBoard 호출
[2m2022-05-26 18:09:07.200[0;39m [32mDEBUG[0;39m [35m240[0;39m [2m---[0;39m [2m[nio-9999-exec-8][0;39m [36mc.ssafy.vue.controller.BoardController  [0;39m [2m:[0;39m selectTag 호출 16
[2m2022-05-26 18:09:07.208[0;39m [32mDEBUG[0;39m [35m240[0;39m [2m---[0;39m [2m[nio-9999-exec-7][0;39m [36mc.ssafy.vue.controller.BoardController  [0;39m [2m:[0;39m selectTag 호출 15
[2m2022-05-26 18:09:07.210[0;39m [32mDEBUG[0;39m [35m240[0;39m [2m---[0;39m [2m[nio-9999-exec-2][0;39m [36mc.ssafy.vue.controller.BoardController  [0;39m [2m:[0;39m selectTag 호출 14
[2m2022-05-26 18:09:07.214[0;39m [32mDEBUG[0;39m [35m240[0;39m [2m---[0;39m [2m[nio-9999-exec-5][0;39m [36mc.ssafy.vue.controller.BoardController  [0;39m [2m:[0;39m selectTag 호출 13
[2m2022-05-26 18:09:07.217[0;39m [32mDEBUG[0;39m [35m240[0;39m [2m---[0;39m [2m[nio-9999-exec-3][0;39m [36mc.ssafy.vue.controller.BoardController  [0;39m [2m:[0;39m selectTag 호출 12
[2m2022-05-26 18:09:07.217[0;39m [32mDEBUG[0;39m [35m240[0;39m [2m---[0;39m [2m[nio-9999-exec-4][0;39m [36mc.ssafy.vue.controller.BoardController  [0;39m [2m:[0;39m selectTag 호출 7
[2m2022-05-26 18:09:07.223[0;39m [32mDEBUG[0;39m [35m240[0;39m [2m---[0;39m [2m[nio-9999-exec-6][0;39m [36mc.ssafy.vue.controller.BoardController  [0;39m [2m:[0;39m selectTag 호출 6
[2m2022-05-26 18:09:07.229[0;39m [32mDEBUG[0;39m [35m240[0;39m [2m---[0;39m [2m[nio-9999-exec-1][0;39m [36mc.ssafy.vue.controller.BoardController  [0;39m [2m:[0;39m selectTag 호출 5
[2m2022-05-26 18:09:07.234[0;39m [32mDEBUG[0;39m [35m240[0;39m [2m---[0;39m [2m[nio-9999-exec-9][0;39m [36mc.ssafy.vue.controller.BoardController  [0;39m [2m:[0;39m selectTag 호출 4
[2m2022-05-26 18:09:07.242[0;39m [32mDEBUG[0;39m [35m240[0;39m [2m---[0;39m [2m[io-9999-exec-10][0;39m [36mc.ssafy.vue.controller.BoardController  [0;39m [2m:[0;39m selectTag 호출 2
[2m2022-05-26 18:09:07.242[0;39m [32mDEBUG[0;39m [35m240[0;39m [2m---[0;39m [2m[nio-9999-exec-8][0;39m [36mc.ssafy.vue.controller.BoardController  [0;39m [2m:[0;39m selectTag 호출 1
[2m2022-05-26 18:09:54.399[0;39m [32mDEBUG[0;39m [35m240[0;39m [2m---[0;39m [2m[nio-9999-exec-4][0;39m [36mc.ssafy.vue.controller.BoardController  [0;39m [2m:[0;39m updateView 호출 16
[2m2022-05-26 18:09:54.401[0;39m [32mDEBUG[0;39m [35m240[0;39m [2m---[0;39m [2m[nio-9999-exec-6][0;39m [36mc.ssafy.vue.controller.BoardController  [0;39m [2m:[0;39m selectBoard 호출
[2m2022-05-26 18:09:54.402[0;39m [32mDEBUG[0;39m [35m240[0;39m [2m---[0;39m [2m[nio-9999-exec-3][0;39m [36mc.ssafy.vue.controller.BoardController  [0;39m [2m:[0;39m selectTag 호출 16
[2m2022-05-26 18:09:56.714[0;39m [32mDEBUG[0;39m [35m240[0;39m [2m---[0;39m [2m[nio-9999-exec-9][0;39m [36mc.ssafy.vue.controller.BoardController  [0;39m [2m:[0;39m listBoard 호출
[2m2022-05-26 18:09:56.753[0;39m [32mDEBUG[0;39m [35m240[0;39m [2m---[0;39m [2m[nio-9999-exec-6][0;39m [36mc.ssafy.vue.controller.BoardController  [0;39m [2m:[0;39m selectTag 호출 16
[2m2022-05-26 18:09:56.757[0;39m [32mDEBUG[0;39m [35m240[0;39m [2m---[0;39m [2m[nio-9999-exec-1][0;39m [36mc.ssafy.vue.controller.BoardController  [0;39m [2m:[0;39m selectTag 호출 15
[2m2022-05-26 18:09:56.773[0;39m [32mDEBUG[0;39m [35m240[0;39m [2m---[0;39m [2m[nio-9999-exec-2][0;39m [36mc.ssafy.vue.controller.BoardController  [0;39m [2m:[0;39m selectTag 호출 14
[2m2022-05-26 18:09:56.775[0;39m [32mDEBUG[0;39m [35m240[0;39m [2m---[0;39m [2m[nio-9999-exec-5][0;39m [36mc.ssafy.vue.controller.BoardController  [0;39m [2m:[0;39m selectTag 호출 13
[2m2022-05-26 18:09:56.778[0;39m [32mDEBUG[0;39m [35m240[0;39m [2m---[0;39m [2m[nio-9999-exec-3][0;39m [36mc.ssafy.vue.controller.BoardController  [0;39m [2m:[0;39m selectTag 호출 12
[2m2022-05-26 18:09:56.784[0;39m [32mDEBUG[0;39m [35m240[0;39m [2m---[0;39m [2m[nio-9999-exec-4][0;39m [36mc.ssafy.vue.controller.BoardController  [0;39m [2m:[0;39m selectTag 호출 7
[2m2022-05-26 18:09:56.793[0;39m [32mDEBUG[0;39m [35m240[0;39m [2m---[0;39m [2m[nio-9999-exec-6][0;39m [36mc.ssafy.vue.controller.BoardController  [0;39m [2m:[0;39m selectTag 호출 6
[2m2022-05-26 18:09:56.804[0;39m [32mDEBUG[0;39m [35m240[0;39m [2m---[0;39m [2m[nio-9999-exec-9][0;39m [36mc.ssafy.vue.controller.BoardController  [0;39m [2m:[0;39m selectTag 호출 5
[2m2022-05-26 18:09:56.808[0;39m [32mDEBUG[0;39m [35m240[0;39m [2m---[0;39m [2m[io-9999-exec-10][0;39m [36mc.ssafy.vue.controller.BoardController  [0;39m [2m:[0;39m selectTag 호출 4
[2m2022-05-26 18:09:56.817[0;39m [32mDEBUG[0;39m [35m240[0;39m [2m---[0;39m [2m[nio-9999-exec-1][0;39m [36mc.ssafy.vue.controller.BoardController  [0;39m [2m:[0;39m selectTag 호출 2
[2m2022-05-26 18:09:56.828[0;39m [32mDEBUG[0;39m [35m240[0;39m [2m---[0;39m [2m[nio-9999-exec-8][0;39m [36mc.ssafy.vue.controller.BoardController  [0;39m [2m:[0;39m selectTag 호출 1
[2m2022-05-26 18:14:08.085[0;39m [32mDEBUG[0;39m [35m240[0;39m [2m---[0;39m [2m[nio-9999-exec-9][0;39m [36mc.ssafy.vue.controller.BoardController  [0;39m [2m:[0;39m listBoard 호출
[2m2022-05-26 18:14:08.180[0;39m [32mDEBUG[0;39m [35m240[0;39m [2m---[0;39m [2m[io-9999-exec-10][0;39m [36mc.ssafy.vue.controller.BoardController  [0;39m [2m:[0;39m selectTag 호출 16
[2m2022-05-26 18:14:08.182[0;39m [32mDEBUG[0;39m [35m240[0;39m [2m---[0;39m [2m[nio-9999-exec-1][0;39m [36mc.ssafy.vue.controller.BoardController  [0;39m [2m:[0;39m selectTag 호출 15
[2m2022-05-26 18:14:08.183[0;39m [32mDEBUG[0;39m [35m240[0;39m [2m---[0;39m [2m[nio-9999-exec-8][0;39m [36mc.ssafy.vue.controller.BoardController  [0;39m [2m:[0;39m selectTag 호출 14
[2m2022-05-26 18:14:08.183[0;39m [32mDEBUG[0;39m [35m240[0;39m [2m---[0;39m [2m[nio-9999-exec-3][0;39m [36mc.ssafy.vue.controller.BoardController  [0;39m [2m:[0;39m selectTag 호출 13
[2m2022-05-26 18:14:08.186[0;39m [32mDEBUG[0;39m [35m240[0;39m [2m---[0;39m [2m[nio-9999-exec-4][0;39m [36mc.ssafy.vue.controller.BoardController  [0;39m [2m:[0;39m selectTag 호출 12
[2m2022-05-26 18:14:08.186[0;39m [32mDEBUG[0;39m [35m240[0;39m [2m---[0;39m [2m[nio-9999-exec-2][0;39m [36mc.ssafy.vue.controller.BoardController  [0;39m [2m:[0;39m selectTag 호출 7
[2m2022-05-26 18:14:08.188[0;39m [32mDEBUG[0;39m [35m240[0;39m [2m---[0;39m [2m[nio-9999-exec-7][0;39m [36mc.ssafy.vue.controller.BoardController  [0;39m [2m:[0;39m selectTag 호출 6
[2m2022-05-26 18:14:08.190[0;39m [32mDEBUG[0;39m [35m240[0;39m [2m---[0;39m [2m[nio-9999-exec-5][0;39m [36mc.ssafy.vue.controller.BoardController  [0;39m [2m:[0;39m selectTag 호출 4
[2m2022-05-26 18:14:08.190[0;39m [32mDEBUG[0;39m [35m240[0;39m [2m---[0;39m [2m[nio-9999-exec-6][0;39m [36mc.ssafy.vue.controller.BoardController  [0;39m [2m:[0;39m selectTag 호출 5
[2m2022-05-26 18:14:08.190[0;39m [32mDEBUG[0;39m [35m240[0;39m [2m---[0;39m [2m[nio-9999-exec-9][0;39m [36mc.ssafy.vue.controller.BoardController  [0;39m [2m:[0;39m selectTag 호출 2
[2m2022-05-26 18:14:08.195[0;39m [32mDEBUG[0;39m [35m240[0;39m [2m---[0;39m [2m[io-9999-exec-10][0;39m [36mc.ssafy.vue.controller.BoardController  [0;39m [2m:[0;39m selectTag 호출 1
[2m2022-05-26 18:14:20.115[0;39m [32mDEBUG[0;39m [35m240[0;39m [2m---[0;39m [2m[nio-9999-exec-1][0;39m [36mc.ssafy.vue.controller.BoardController  [0;39m [2m:[0;39m listBoard 호출
[2m2022-05-26 18:14:20.135[0;39m [32mDEBUG[0;39m [35m240[0;39m [2m---[0;39m [2m[nio-9999-exec-8][0;39m [36mc.ssafy.vue.controller.BoardController  [0;39m [2m:[0;39m selectTag 호출 16
[2m2022-05-26 18:14:20.136[0;39m [32mDEBUG[0;39m [35m240[0;39m [2m---[0;39m [2m[nio-9999-exec-4][0;39m [36mc.ssafy.vue.controller.BoardController  [0;39m [2m:[0;39m selectTag 호출 14
[2m2022-05-26 18:14:20.137[0;39m [32mDEBUG[0;39m [35m240[0;39m [2m---[0;39m [2m[nio-9999-exec-3][0;39m [36mc.ssafy.vue.controller.BoardController  [0;39m [2m:[0;39m selectTag 호출 15
[2m2022-05-26 18:14:20.140[0;39m [32mDEBUG[0;39m [35m240[0;39m [2m---[0;39m [2m[nio-9999-exec-4][0;39m [36mc.ssafy.vue.controller.BoardController  [0;39m [2m:[0;39m selectTag 호출 13
[2m2022-05-26 18:14:20.141[0;39m [32mDEBUG[0;39m [35m240[0;39m [2m---[0;39m [2m[nio-9999-exec-7][0;39m [36mc.ssafy.vue.controller.BoardController  [0;39m [2m:[0;39m selectTag 호출 12
[2m2022-05-26 18:14:20.141[0;39m [32mDEBUG[0;39m [35m240[0;39m [2m---[0;39m [2m[nio-9999-exec-9][0;39m [36mc.ssafy.vue.controller.BoardController  [0;39m [2m:[0;39m selectTag 호출 7
[2m2022-05-26 18:14:20.145[0;39m [32mDEBUG[0;39m [35m240[0;39m [2m---[0;39m [2m[nio-9999-exec-9][0;39m [36mc.ssafy.vue.controller.BoardController  [0;39m [2m:[0;39m selectTag 호출 6
[2m2022-05-26 18:14:20.147[0;39m [32mDEBUG[0;39m [35m240[0;39m [2m---[0;39m [2m[nio-9999-exec-6][0;39m [36mc.ssafy.vue.controller.BoardController  [0;39m [2m:[0;39m selectTag 호출 5
[2m2022-05-26 18:14:20.147[0;39m [32mDEBUG[0;39m [35m240[0;39m [2m---[0;39m [2m[io-9999-exec-10][0;39m [36mc.ssafy.vue.controller.BoardController  [0;39m [2m:[0;39m selectTag 호출 4
[2m2022-05-26 18:14:20.150[0;39m [32mDEBUG[0;39m [35m240[0;39m [2m---[0;39m [2m[nio-9999-exec-8][0;39m [36mc.ssafy.vue.controller.BoardController  [0;39m [2m:[0;39m selectTag 호출 1
[2m2022-05-26 18:14:20.151[0;39m [32mDEBUG[0;39m [35m240[0;39m [2m---[0;39m [2m[nio-9999-exec-1][0;39m [36mc.ssafy.vue.controller.BoardController  [0;39m [2m:[0;39m selectTag 호출 2
[2m2022-05-26 18:14:23.092[0;39m [32mDEBUG[0;39m [35m240[0;39m [2m---[0;39m [2m[nio-9999-exec-2][0;39m [36mc.ssafy.vue.controller.BoardController  [0;39m [2m:[0;39m listBoard 호출
[2m2022-05-26 18:14:23.134[0;39m [32mDEBUG[0;39m [35m240[0;39m [2m---[0;39m [2m[nio-9999-exec-4][0;39m [36mc.ssafy.vue.controller.BoardController  [0;39m [2m:[0;39m selectTag 호출 15
[2m2022-05-26 18:14:23.134[0;39m [32mDEBUG[0;39m [35m240[0;39m [2m---[0;39m [2m[nio-9999-exec-7][0;39m [36mc.ssafy.vue.controller.BoardController  [0;39m [2m:[0;39m selectTag 호출 14
[2m2022-05-26 18:14:23.134[0;39m [32mDEBUG[0;39m [35m240[0;39m [2m---[0;39m [2m[nio-9999-exec-3][0;39m [36mc.ssafy.vue.controller.BoardController  [0;39m [2m:[0;39m selectTag 호출 16
[2m2022-05-26 18:14:23.136[0;39m [32mDEBUG[0;39m [35m240[0;39m [2m---[0;39m [2m[io-9999-exec-10][0;39m [36mc.ssafy.vue.controller.BoardController  [0;39m [2m:[0;39m selectTag 호출 7
[2m2022-05-26 18:14:23.136[0;39m [32mDEBUG[0;39m [35m240[0;39m [2m---[0;39m [2m[nio-9999-exec-9][0;39m [36mc.ssafy.vue.controller.BoardController  [0;39m [2m:[0;39m selectTag 호출 12
[2m2022-05-26 18:14:23.138[0;39m [32mDEBUG[0;39m [35m240[0;39m [2m---[0;39m [2m[nio-9999-exec-5][0;39m [36mc.ssafy.vue.controller.BoardController  [0;39m [2m:[0;39m selectTag 호출 13
[2m2022-05-26 18:14:23.142[0;39m [32mDEBUG[0;39m [35m240[0;39m [2m---[0;39m [2m[nio-9999-exec-6][0;39m [36mc.ssafy.vue.controller.BoardController  [0;39m [2m:[0;39m selectTag 호출 6
[2m2022-05-26 18:14:23.143[0;39m [32mDEBUG[0;39m [35m240[0;39m [2m---[0;39m [2m[nio-9999-exec-1][0;39m [36mc.ssafy.vue.controller.BoardController  [0;39m [2m:[0;39m selectTag 호출 5
[2m2022-05-26 18:14:23.144[0;39m [32mDEBUG[0;39m [35m240[0;39m [2m---[0;39m [2m[nio-9999-exec-4][0;39m [36mc.ssafy.vue.controller.BoardController  [0;39m [2m:[0;39m selectTag 호출 1
[2m2022-05-26 18:14:23.144[0;39m [32mDEBUG[0;39m [35m240[0;39m [2m---[0;39m [2m[nio-9999-exec-2][0;39m [36mc.ssafy.vue.controller.BoardController  [0;39m [2m:[0;39m selectTag 호출 2
[2m2022-05-26 18:14:23.144[0;39m [32mDEBUG[0;39m [35m240[0;39m [2m---[0;39m [2m[nio-9999-exec-8][0;39m [36mc.ssafy.vue.controller.BoardController  [0;39m [2m:[0;39m selectTag 호출 4
[2m2022-05-26 18:15:11.933[0;39m [32mDEBUG[0;39m [35m240[0;39m [2m---[0;39m [2m[nio-9999-exec-7][0;39m [36mc.ssafy.vue.controller.BoardController  [0;39m [2m:[0;39m listBoard 호출
[2m2022-05-26 18:15:12.017[0;39m [32mDEBUG[0;39m [35m240[0;39m [2m---[0;39m [2m[io-9999-exec-10][0;39m [36mc.ssafy.vue.controller.BoardController  [0;39m [2m:[0;39m selectTag 호출 16
[2m2022-05-26 18:15:12.018[0;39m [32mDEBUG[0;39m [35m240[0;39m [2m---[0;39m [2m[nio-9999-exec-3][0;39m [36mc.ssafy.vue.controller.BoardController  [0;39m [2m:[0;39m selectTag 호출 15
[2m2022-05-26 18:15:12.021[0;39m [32mDEBUG[0;39m [35m240[0;39m [2m---[0;39m [2m[nio-9999-exec-5][0;39m [36mc.ssafy.vue.controller.BoardController  [0;39m [2m:[0;39m selectTag 호출 13
[2m2022-05-26 18:15:12.022[0;39m [32mDEBUG[0;39m [35m240[0;39m [2m---[0;39m [2m[nio-9999-exec-6][0;39m [36mc.ssafy.vue.controller.BoardController  [0;39m [2m:[0;39m selectTag 호출 12
[2m2022-05-26 18:15:12.022[0;39m [32mDEBUG[0;39m [35m240[0;39m [2m---[0;39m [2m[nio-9999-exec-1][0;39m [36mc.ssafy.vue.controller.BoardController  [0;39m [2m:[0;39m selectTag 호출 7
[2m2022-05-26 18:15:12.021[0;39m [32mDEBUG[0;39m [35m240[0;39m [2m---[0;39m [2m[nio-9999-exec-9][0;39m [36mc.ssafy.vue.controller.BoardController  [0;39m [2m:[0;39m selectTag 호출 14
[2m2022-05-26 18:15:12.024[0;39m [32mDEBUG[0;39m [35m240[0;39m [2m---[0;39m [2m[nio-9999-exec-1][0;39m [36mc.ssafy.vue.controller.BoardController  [0;39m [2m:[0;39m selectTag 호출 6
[2m2022-05-26 18:15:12.026[0;39m [32mDEBUG[0;39m [35m240[0;39m [2m---[0;39m [2m[nio-9999-exec-4][0;39m [36mc.ssafy.vue.controller.BoardController  [0;39m [2m:[0;39m selectTag 호출 5
[2m2022-05-26 18:15:12.028[0;39m [32mDEBUG[0;39m [35m240[0;39m [2m---[0;39m [2m[nio-9999-exec-8][0;39m [36mc.ssafy.vue.controller.BoardController  [0;39m [2m:[0;39m selectTag 호출 4
[2m2022-05-26 18:15:12.028[0;39m [32mDEBUG[0;39m [35m240[0;39m [2m---[0;39m [2m[io-9999-exec-10][0;39m [36mc.ssafy.vue.controller.BoardController  [0;39m [2m:[0;39m selectTag 호출 1
[2m2022-05-26 18:15:12.028[0;39m [32mDEBUG[0;39m [35m240[0;39m [2m---[0;39m [2m[nio-9999-exec-7][0;39m [36mc.ssafy.vue.controller.BoardController  [0;39m [2m:[0;39m selectTag 호출 2
[2m2022-05-26 18:15:13.631[0;39m [32mDEBUG[0;39m [35m240[0;39m [2m---[0;39m [2m[nio-9999-exec-3][0;39m [36mc.ssafy.vue.controller.BoardController  [0;39m [2m:[0;39m listBoard 호출
[2m2022-05-26 18:15:13.669[0;39m [32mDEBUG[0;39m [35m240[0;39m [2m---[0;39m [2m[nio-9999-exec-9][0;39m [36mc.ssafy.vue.controller.BoardController  [0;39m [2m:[0;39m selectTag 호출 15
[2m2022-05-26 18:15:13.670[0;39m [32mDEBUG[0;39m [35m240[0;39m [2m---[0;39m [2m[nio-9999-exec-2][0;39m [36mc.ssafy.vue.controller.BoardController  [0;39m [2m:[0;39m selectTag 호출 16
[2m2022-05-26 18:15:13.675[0;39m [32mDEBUG[0;39m [35m240[0;39m [2m---[0;39m [2m[nio-9999-exec-5][0;39m [36mc.ssafy.vue.controller.BoardController  [0;39m [2m:[0;39m selectTag 호출 14
[2m2022-05-26 18:15:13.675[0;39m [32mDEBUG[0;39m [35m240[0;39m [2m---[0;39m [2m[nio-9999-exec-6][0;39m [36mc.ssafy.vue.controller.BoardController  [0;39m [2m:[0;39m selectTag 호출 13
[2m2022-05-26 18:15:13.678[0;39m [32mDEBUG[0;39m [35m240[0;39m [2m---[0;39m [2m[nio-9999-exec-1][0;39m [36mc.ssafy.vue.controller.BoardController  [0;39m [2m:[0;39m selectTag 호출 12
[2m2022-05-26 18:15:13.678[0;39m [32mDEBUG[0;39m [35m240[0;39m [2m---[0;39m [2m[nio-9999-exec-4][0;39m [36mc.ssafy.vue.controller.BoardController  [0;39m [2m:[0;39m selectTag 호출 7
[2m2022-05-26 18:15:13.684[0;39m [32mDEBUG[0;39m [35m240[0;39m [2m---[0;39m [2m[io-9999-exec-10][0;39m [36mc.ssafy.vue.controller.BoardController  [0;39m [2m:[0;39m selectTag 호출 6
[2m2022-05-26 18:15:13.687[0;39m [32mDEBUG[0;39m [35m240[0;39m [2m---[0;39m [2m[nio-9999-exec-8][0;39m [36mc.ssafy.vue.controller.BoardController  [0;39m [2m:[0;39m selectTag 호출 5
[2m2022-05-26 18:15:13.690[0;39m [32mDEBUG[0;39m [35m240[0;39m [2m---[0;39m [2m[nio-9999-exec-9][0;39m [36mc.ssafy.vue.controller.BoardController  [0;39m [2m:[0;39m selectTag 호출 1
[2m2022-05-26 18:15:13.692[0;39m [32mDEBUG[0;39m [35m240[0;39m [2m---[0;39m [2m[nio-9999-exec-7][0;39m [36mc.ssafy.vue.controller.BoardController  [0;39m [2m:[0;39m selectTag 호출 4
[2m2022-05-26 18:15:13.692[0;39m [32mDEBUG[0;39m [35m240[0;39m [2m---[0;39m [2m[nio-9999-exec-3][0;39m [36mc.ssafy.vue.controller.BoardController  [0;39m [2m:[0;39m selectTag 호출 2
[2m2022-05-26 18:15:43.090[0;39m [32mDEBUG[0;39m [35m240[0;39m [2m---[0;39m [2m[nio-9999-exec-2][0;39m [36mc.ssafy.vue.controller.BoardController  [0;39m [2m:[0;39m listBoard 호출
[2m2022-05-26 18:15:43.120[0;39m [32mDEBUG[0;39m [35m240[0;39m [2m---[0;39m [2m[nio-9999-exec-5][0;39m [36mc.ssafy.vue.controller.BoardController  [0;39m [2m:[0;39m selectTag 호출 16
[2m2022-05-26 18:15:43.120[0;39m [32mDEBUG[0;39m [35m240[0;39m [2m---[0;39m [2m[nio-9999-exec-4][0;39m [36mc.ssafy.vue.controller.BoardController  [0;39m [2m:[0;39m selectTag 호출 14
[2m2022-05-26 18:15:43.120[0;39m [32mDEBUG[0;39m [35m240[0;39m [2m---[0;39m [2m[nio-9999-exec-6][0;39m [36mc.ssafy.vue.controller.BoardController  [0;39m [2m:[0;39m selectTag 호출 15
[2m2022-05-26 18:15:43.121[0;39m [32mDEBUG[0;39m [35m240[0;39m [2m---[0;39m [2m[io-9999-exec-10][0;39m [36mc.ssafy.vue.controller.BoardController  [0;39m [2m:[0;39m selectTag 호출 12
[2m2022-05-26 18:15:43.121[0;39m [32mDEBUG[0;39m [35m240[0;39m [2m---[0;39m [2m[nio-9999-exec-1][0;39m [36mc.ssafy.vue.controller.BoardController  [0;39m [2m:[0;39m selectTag 호출 13
[2m2022-05-26 18:15:43.123[0;39m [32mDEBUG[0;39m [35m240[0;39m [2m---[0;39m [2m[nio-9999-exec-8][0;39m [36mc.ssafy.vue.controller.BoardController  [0;39m [2m:[0;39m selectTag 호출 7
[2m2022-05-26 18:15:43.131[0;39m [32mDEBUG[0;39m [35m240[0;39m [2m---[0;39m [2m[nio-9999-exec-7][0;39m [36mc.ssafy.vue.controller.BoardController  [0;39m [2m:[0;39m selectTag 호출 5
[2m2022-05-26 18:15:43.131[0;39m [32mDEBUG[0;39m [35m240[0;39m [2m---[0;39m [2m[nio-9999-exec-9][0;39m [36mc.ssafy.vue.controller.BoardController  [0;39m [2m:[0;39m selectTag 호출 6
[2m2022-05-26 18:15:43.132[0;39m [32mDEBUG[0;39m [35m240[0;39m [2m---[0;39m [2m[nio-9999-exec-1][0;39m [36mc.ssafy.vue.controller.BoardController  [0;39m [2m:[0;39m selectTag 호출 1
[2m2022-05-26 18:15:43.134[0;39m [32mDEBUG[0;39m [35m240[0;39m [2m---[0;39m [2m[nio-9999-exec-2][0;39m [36mc.ssafy.vue.controller.BoardController  [0;39m [2m:[0;39m selectTag 호출 2
[2m2022-05-26 18:15:43.136[0;39m [32mDEBUG[0;39m [35m240[0;39m [2m---[0;39m [2m[nio-9999-exec-3][0;39m [36mc.ssafy.vue.controller.BoardController  [0;39m [2m:[0;39m selectTag 호출 4
[2m2022-05-26 18:15:44.391[0;39m [32mDEBUG[0;39m [35m240[0;39m [2m---[0;39m [2m[nio-9999-exec-4][0;39m [36mc.ssafy.vue.controller.BoardController  [0;39m [2m:[0;39m listBoard 호출
[2m2022-05-26 18:15:44.419[0;39m [32mDEBUG[0;39m [35m240[0;39m [2m---[0;39m [2m[io-9999-exec-10][0;39m [36mc.ssafy.vue.controller.BoardController  [0;39m [2m:[0;39m selectTag 호출 16
[2m2022-05-26 18:15:44.421[0;39m [32mDEBUG[0;39m [35m240[0;39m [2m---[0;39m [2m[nio-9999-exec-6][0;39m [36mc.ssafy.vue.controller.BoardController  [0;39m [2m:[0;39m selectTag 호출 15
[2m2022-05-26 18:15:44.423[0;39m [32mDEBUG[0;39m [35m240[0;39m [2m---[0;39m [2m[nio-9999-exec-5][0;39m [36mc.ssafy.vue.controller.BoardController  [0;39m [2m:[0;39m selectTag 호출 14
[2m2022-05-26 18:15:44.424[0;39m [32mDEBUG[0;39m [35m240[0;39m [2m---[0;39m [2m[nio-9999-exec-8][0;39m [36mc.ssafy.vue.controller.BoardController  [0;39m [2m:[0;39m selectTag 호출 13
[2m2022-05-26 18:15:44.425[0;39m [32mDEBUG[0;39m [35m240[0;39m [2m---[0;39m [2m[nio-9999-exec-9][0;39m [36mc.ssafy.vue.controller.BoardController  [0;39m [2m:[0;39m selectTag 호출 12
[2m2022-05-26 18:15:44.426[0;39m [32mDEBUG[0;39m [35m240[0;39m [2m---[0;39m [2m[nio-9999-exec-7][0;39m [36mc.ssafy.vue.controller.BoardController  [0;39m [2m:[0;39m selectTag 호출 7
[2m2022-05-26 18:15:44.429[0;39m [32mDEBUG[0;39m [35m240[0;39m [2m---[0;39m [2m[nio-9999-exec-1][0;39m [36mc.ssafy.vue.controller.BoardController  [0;39m [2m:[0;39m selectTag 호출 6
[2m2022-05-26 18:15:44.429[0;39m [32mDEBUG[0;39m [35m240[0;39m [2m---[0;39m [2m[nio-9999-exec-2][0;39m [36mc.ssafy.vue.controller.BoardController  [0;39m [2m:[0;39m selectTag 호출 5
[2m2022-05-26 18:15:44.431[0;39m [32mDEBUG[0;39m [35m240[0;39m [2m---[0;39m [2m[nio-9999-exec-3][0;39m [36mc.ssafy.vue.controller.BoardController  [0;39m [2m:[0;39m selectTag 호출 4
[2m2022-05-26 18:15:44.434[0;39m [32mDEBUG[0;39m [35m240[0;39m [2m---[0;39m [2m[nio-9999-exec-4][0;39m [36mc.ssafy.vue.controller.BoardController  [0;39m [2m:[0;39m selectTag 호출 2
[2m2022-05-26 18:15:44.435[0;39m [32mDEBUG[0;39m [35m240[0;39m [2m---[0;39m [2m[io-9999-exec-10][0;39m [36mc.ssafy.vue.controller.BoardController  [0;39m [2m:[0;39m selectTag 호출 1
[2m2022-05-26 18:16:39.665[0;39m [32mDEBUG[0;39m [35m240[0;39m [2m---[0;39m [2m[nio-9999-exec-6][0;39m [36mc.ssafy.vue.controller.BoardController  [0;39m [2m:[0;39m listBoard 호출
[2m2022-05-26 18:16:39.744[0;39m [32mDEBUG[0;39m [35m240[0;39m [2m---[0;39m [2m[nio-9999-exec-5][0;39m [36mc.ssafy.vue.controller.BoardController  [0;39m [2m:[0;39m selectTag 호출 16
[2m2022-05-26 18:16:39.744[0;39m [32mDEBUG[0;39m [35m240[0;39m [2m---[0;39m [2m[nio-9999-exec-8][0;39m [36mc.ssafy.vue.controller.BoardController  [0;39m [2m:[0;39m selectTag 호출 15
[2m2022-05-26 18:16:39.747[0;39m [32mDEBUG[0;39m [35m240[0;39m [2m---[0;39m [2m[nio-9999-exec-7][0;39m [36mc.ssafy.vue.controller.BoardController  [0;39m [2m:[0;39m selectTag 호출 13
[2m2022-05-26 18:16:39.747[0;39m [32mDEBUG[0;39m [35m240[0;39m [2m---[0;39m [2m[nio-9999-exec-9][0;39m [36mc.ssafy.vue.controller.BoardController  [0;39m [2m:[0;39m selectTag 호출 14
[2m2022-05-26 18:16:39.749[0;39m [32mDEBUG[0;39m [35m240[0;39m [2m---[0;39m [2m[nio-9999-exec-1][0;39m [36mc.ssafy.vue.controller.BoardController  [0;39m [2m:[0;39m selectTag 호출 12
[2m2022-05-26 18:16:39.749[0;39m [32mDEBUG[0;39m [35m240[0;39m [2m---[0;39m [2m[nio-9999-exec-2][0;39m [36mc.ssafy.vue.controller.BoardController  [0;39m [2m:[0;39m selectTag 호출 7
[2m2022-05-26 18:16:39.752[0;39m [32mDEBUG[0;39m [35m240[0;39m [2m---[0;39m [2m[nio-9999-exec-4][0;39m [36mc.ssafy.vue.controller.BoardController  [0;39m [2m:[0;39m selectTag 호출 5
[2m2022-05-26 18:16:39.752[0;39m [32mDEBUG[0;39m [35m240[0;39m [2m---[0;39m [2m[nio-9999-exec-3][0;39m [36mc.ssafy.vue.controller.BoardController  [0;39m [2m:[0;39m selectTag 호출 6
[2m2022-05-26 18:16:39.754[0;39m [32mDEBUG[0;39m [35m240[0;39m [2m---[0;39m [2m[io-9999-exec-10][0;39m [36mc.ssafy.vue.controller.BoardController  [0;39m [2m:[0;39m selectTag 호출 4
[2m2022-05-26 18:16:39.755[0;39m [32mDEBUG[0;39m [35m240[0;39m [2m---[0;39m [2m[nio-9999-exec-5][0;39m [36mc.ssafy.vue.controller.BoardController  [0;39m [2m:[0;39m selectTag 호출 1
[2m2022-05-26 18:16:39.755[0;39m [32mDEBUG[0;39m [35m240[0;39m [2m---[0;39m [2m[nio-9999-exec-6][0;39m [36mc.ssafy.vue.controller.BoardController  [0;39m [2m:[0;39m selectTag 호출 2
[2m2022-05-26 18:16:51.807[0;39m [32mDEBUG[0;39m [35m240[0;39m [2m---[0;39m [2m[nio-9999-exec-8][0;39m [36mc.ssafy.vue.controller.BoardController  [0;39m [2m:[0;39m listBoard 호출
[2m2022-05-26 18:16:51.826[0;39m [32mDEBUG[0;39m [35m240[0;39m [2m---[0;39m [2m[nio-9999-exec-7][0;39m [36mc.ssafy.vue.controller.BoardController  [0;39m [2m:[0;39m selectTag 호출 16
[2m2022-05-26 18:16:51.829[0;39m [32mDEBUG[0;39m [35m240[0;39m [2m---[0;39m [2m[nio-9999-exec-9][0;39m [36mc.ssafy.vue.controller.BoardController  [0;39m [2m:[0;39m selectTag 호출 15
[2m2022-05-26 18:16:51.829[0;39m [32mDEBUG[0;39m [35m240[0;39m [2m---[0;39m [2m[nio-9999-exec-2][0;39m [36mc.ssafy.vue.controller.BoardController  [0;39m [2m:[0;39m selectTag 호출 14
[2m2022-05-26 18:16:51.832[0;39m [32mDEBUG[0;39m [35m240[0;39m [2m---[0;39m [2m[nio-9999-exec-1][0;39m [36mc.ssafy.vue.controller.BoardController  [0;39m [2m:[0;39m selectTag 호출 13
[2m2022-05-26 18:16:51.833[0;39m [32mDEBUG[0;39m [35m240[0;39m [2m---[0;39m [2m[nio-9999-exec-4][0;39m [36mc.ssafy.vue.controller.BoardController  [0;39m [2m:[0;39m selectTag 호출 12
[2m2022-05-26 18:16:51.834[0;39m [32mDEBUG[0;39m [35m240[0;39m [2m---[0;39m [2m[nio-9999-exec-3][0;39m [36mc.ssafy.vue.controller.BoardController  [0;39m [2m:[0;39m selectTag 호출 7
[2m2022-05-26 18:16:51.838[0;39m [32mDEBUG[0;39m [35m240[0;39m [2m---[0;39m [2m[io-9999-exec-10][0;39m [36mc.ssafy.vue.controller.BoardController  [0;39m [2m:[0;39m selectTag 호출 6
[2m2022-05-26 18:16:51.838[0;39m [32mDEBUG[0;39m [35m240[0;39m [2m---[0;39m [2m[nio-9999-exec-5][0;39m [36mc.ssafy.vue.controller.BoardController  [0;39m [2m:[0;39m selectTag 호출 5
[2m2022-05-26 18:16:51.838[0;39m [32mDEBUG[0;39m [35m240[0;39m [2m---[0;39m [2m[nio-9999-exec-6][0;39m [36mc.ssafy.vue.controller.BoardController  [0;39m [2m:[0;39m selectTag 호출 4
[2m2022-05-26 18:16:51.842[0;39m [32mDEBUG[0;39m [35m240[0;39m [2m---[0;39m [2m[nio-9999-exec-7][0;39m [36mc.ssafy.vue.controller.BoardController  [0;39m [2m:[0;39m selectTag 호출 1
[2m2022-05-26 18:16:51.842[0;39m [32mDEBUG[0;39m [35m240[0;39m [2m---[0;39m [2m[nio-9999-exec-8][0;39m [36mc.ssafy.vue.controller.BoardController  [0;39m [2m:[0;39m selectTag 호출 2
[2m2022-05-26 18:16:57.162[0;39m [32mDEBUG[0;39m [35m240[0;39m [2m---[0;39m [2m[nio-9999-exec-2][0;39m [36mc.ssafy.vue.controller.BoardController  [0;39m [2m:[0;39m listBoard 호출
[2m2022-05-26 18:16:57.178[0;39m [32mDEBUG[0;39m [35m240[0;39m [2m---[0;39m [2m[nio-9999-exec-9][0;39m [36mc.ssafy.vue.controller.BoardController  [0;39m [2m:[0;39m selectTag 호출 16
[2m2022-05-26 18:16:57.179[0;39m [32mDEBUG[0;39m [35m240[0;39m [2m---[0;39m [2m[nio-9999-exec-1][0;39m [36mc.ssafy.vue.controller.BoardController  [0;39m [2m:[0;39m selectTag 호출 15
[2m2022-05-26 18:16:57.179[0;39m [32mDEBUG[0;39m [35m240[0;39m [2m---[0;39m [2m[nio-9999-exec-4][0;39m [36mc.ssafy.vue.controller.BoardController  [0;39m [2m:[0;39m selectTag 호출 14
[2m2022-05-26 18:16:57.181[0;39m [32mDEBUG[0;39m [35m240[0;39m [2m---[0;39m [2m[nio-9999-exec-3][0;39m [36mc.ssafy.vue.controller.BoardController  [0;39m [2m:[0;39m selectTag 호출 13
[2m2022-05-26 18:16:57.181[0;39m [32mDEBUG[0;39m [35m240[0;39m [2m---[0;39m [2m[io-9999-exec-10][0;39m [36mc.ssafy.vue.controller.BoardController  [0;39m [2m:[0;39m selectTag 호출 7
[2m2022-05-26 18:16:57.182[0;39m [32mDEBUG[0;39m [35m240[0;39m [2m---[0;39m [2m[nio-9999-exec-6][0;39m [36mc.ssafy.vue.controller.BoardController  [0;39m [2m:[0;39m selectTag 호출 12
[2m2022-05-26 18:16:57.186[0;39m [32mDEBUG[0;39m [35m240[0;39m [2m---[0;39m [2m[nio-9999-exec-5][0;39m [36mc.ssafy.vue.controller.BoardController  [0;39m [2m:[0;39m selectTag 호출 6
[2m2022-05-26 18:16:57.188[0;39m [32mDEBUG[0;39m [35m240[0;39m [2m---[0;39m [2m[nio-9999-exec-9][0;39m [36mc.ssafy.vue.controller.BoardController  [0;39m [2m:[0;39m selectTag 호출 1
[2m2022-05-26 18:16:57.188[0;39m [32mDEBUG[0;39m [35m240[0;39m [2m---[0;39m [2m[nio-9999-exec-2][0;39m [36mc.ssafy.vue.controller.BoardController  [0;39m [2m:[0;39m selectTag 호출 2
[2m2022-05-26 18:16:57.188[0;39m [32mDEBUG[0;39m [35m240[0;39m [2m---[0;39m [2m[nio-9999-exec-7][0;39m [36mc.ssafy.vue.controller.BoardController  [0;39m [2m:[0;39m selectTag 호출 5
[2m2022-05-26 18:16:57.188[0;39m [32mDEBUG[0;39m [35m240[0;39m [2m---[0;39m [2m[nio-9999-exec-8][0;39m [36mc.ssafy.vue.controller.BoardController  [0;39m [2m:[0;39m selectTag 호출 4
[2m2022-05-26 18:17:13.829[0;39m [32mDEBUG[0;39m [35m240[0;39m [2m---[0;39m [2m[nio-9999-exec-1][0;39m [36mc.ssafy.vue.controller.BoardController  [0;39m [2m:[0;39m listBoard 호출
[2m2022-05-26 18:17:13.846[0;39m [32mDEBUG[0;39m [35m240[0;39m [2m---[0;39m [2m[nio-9999-exec-4][0;39m [36mc.ssafy.vue.controller.BoardController  [0;39m [2m:[0;39m selectTag 호출 16
[2m2022-05-26 18:17:13.847[0;39m [32mDEBUG[0;39m [35m240[0;39m [2m---[0;39m [2m[io-9999-exec-10][0;39m [36mc.ssafy.vue.controller.BoardController  [0;39m [2m:[0;39m selectTag 호출 15
[2m2022-05-26 18:17:13.850[0;39m [32mDEBUG[0;39m [35m240[0;39m [2m---[0;39m [2m[nio-9999-exec-6][0;39m [36mc.ssafy.vue.controller.BoardController  [0;39m [2m:[0;39m selectTag 호출 13
[2m2022-05-26 18:17:13.850[0;39m [32mDEBUG[0;39m [35m240[0;39m [2m---[0;39m [2m[nio-9999-exec-3][0;39m [36mc.ssafy.vue.controller.BoardController  [0;39m [2m:[0;39m selectTag 호출 14
[2m2022-05-26 18:17:13.850[0;39m [32mDEBUG[0;39m [35m240[0;39m [2m---[0;39m [2m[nio-9999-exec-5][0;39m [36mc.ssafy.vue.controller.BoardController  [0;39m [2m:[0;39m selectTag 호출 12
[2m2022-05-26 18:17:13.850[0;39m [32mDEBUG[0;39m [35m240[0;39m [2m---[0;39m [2m[nio-9999-exec-2][0;39m [36mc.ssafy.vue.controller.BoardController  [0;39m [2m:[0;39m selectTag 호출 7
[2m2022-05-26 18:17:13.856[0;39m [32mDEBUG[0;39m [35m240[0;39m [2m---[0;39m [2m[nio-9999-exec-7][0;39m [36mc.ssafy.vue.controller.BoardController  [0;39m [2m:[0;39m selectTag 호출 6
[2m2022-05-26 18:17:13.856[0;39m [32mDEBUG[0;39m [35m240[0;39m [2m---[0;39m [2m[nio-9999-exec-9][0;39m [36mc.ssafy.vue.controller.BoardController  [0;39m [2m:[0;39m selectTag 호출 5
[2m2022-05-26 18:17:13.858[0;39m [32mDEBUG[0;39m [35m240[0;39m [2m---[0;39m [2m[nio-9999-exec-1][0;39m [36mc.ssafy.vue.controller.BoardController  [0;39m [2m:[0;39m selectTag 호출 2
[2m2022-05-26 18:17:13.858[0;39m [32mDEBUG[0;39m [35m240[0;39m [2m---[0;39m [2m[nio-9999-exec-8][0;39m [36mc.ssafy.vue.controller.BoardController  [0;39m [2m:[0;39m selectTag 호출 4
[2m2022-05-26 18:17:13.859[0;39m [32mDEBUG[0;39m [35m240[0;39m [2m---[0;39m [2m[io-9999-exec-10][0;39m [36mc.ssafy.vue.controller.BoardController  [0;39m [2m:[0;39m selectTag 호출 1
[2m2022-05-26 18:17:15.446[0;39m [32mDEBUG[0;39m [35m240[0;39m [2m---[0;39m [2m[nio-9999-exec-4][0;39m [36mc.ssafy.vue.controller.BoardController  [0;39m [2m:[0;39m listBoard 호출
[2m2022-05-26 18:17:15.464[0;39m [32mDEBUG[0;39m [35m240[0;39m [2m---[0;39m [2m[nio-9999-exec-3][0;39m [36mc.ssafy.vue.controller.BoardController  [0;39m [2m:[0;39m selectTag 호출 16
[2m2022-05-26 18:17:15.464[0;39m [32mDEBUG[0;39m [35m240[0;39m [2m---[0;39m [2m[nio-9999-exec-6][0;39m [36mc.ssafy.vue.controller.BoardController  [0;39m [2m:[0;39m selectTag 호출 15
[2m2022-05-26 18:17:15.466[0;39m [32mDEBUG[0;39m [35m240[0;39m [2m---[0;39m [2m[nio-9999-exec-5][0;39m [36mc.ssafy.vue.controller.BoardController  [0;39m [2m:[0;39m selectTag 호출 14
[2m2022-05-26 18:17:15.466[0;39m [32mDEBUG[0;39m [35m240[0;39m [2m---[0;39m [2m[nio-9999-exec-2][0;39m [36mc.ssafy.vue.controller.BoardController  [0;39m [2m:[0;39m selectTag 호출 13
[2m2022-05-26 18:17:15.468[0;39m [32mDEBUG[0;39m [35m240[0;39m [2m---[0;39m [2m[nio-9999-exec-5][0;39m [36mc.ssafy.vue.controller.BoardController  [0;39m [2m:[0;39m selectTag 호출 7
[2m2022-05-26 18:17:15.468[0;39m [32mDEBUG[0;39m [35m240[0;39m [2m---[0;39m [2m[nio-9999-exec-7][0;39m [36mc.ssafy.vue.controller.BoardController  [0;39m [2m:[0;39m selectTag 호출 12
[2m2022-05-26 18:17:15.472[0;39m [32mDEBUG[0;39m [35m240[0;39m [2m---[0;39m [2m[io-9999-exec-10][0;39m [36mc.ssafy.vue.controller.BoardController  [0;39m [2m:[0;39m selectTag 호출 5
[2m2022-05-26 18:17:15.472[0;39m [32mDEBUG[0;39m [35m240[0;39m [2m---[0;39m [2m[nio-9999-exec-1][0;39m [36mc.ssafy.vue.controller.BoardController  [0;39m [2m:[0;39m selectTag 호출 6
[2m2022-05-26 18:17:15.472[0;39m [32mDEBUG[0;39m [35m240[0;39m [2m---[0;39m [2m[nio-9999-exec-8][0;39m [36mc.ssafy.vue.controller.BoardController  [0;39m [2m:[0;39m selectTag 호출 4
[2m2022-05-26 18:17:15.472[0;39m [32mDEBUG[0;39m [35m240[0;39m [2m---[0;39m [2m[nio-9999-exec-4][0;39m [36mc.ssafy.vue.controller.BoardController  [0;39m [2m:[0;39m selectTag 호출 2
[2m2022-05-26 18:17:15.476[0;39m [32mDEBUG[0;39m [35m240[0;39m [2m---[0;39m [2m[nio-9999-exec-8][0;39m [36mc.ssafy.vue.controller.BoardController  [0;39m [2m:[0;39m selectTag 호출 1
[2m2022-05-26 18:17:34.442[0;39m [32mDEBUG[0;39m [35m240[0;39m [2m---[0;39m [2m[nio-9999-exec-6][0;39m [36mc.ssafy.vue.controller.BoardController  [0;39m [2m:[0;39m listBoard 호출
[2m2022-05-26 18:17:34.458[0;39m [32mDEBUG[0;39m [35m240[0;39m [2m---[0;39m [2m[nio-9999-exec-2][0;39m [36mc.ssafy.vue.controller.BoardController  [0;39m [2m:[0;39m selectTag 호출 16
[2m2022-05-26 18:17:34.462[0;39m [32mDEBUG[0;39m [35m240[0;39m [2m---[0;39m [2m[nio-9999-exec-9][0;39m [36mc.ssafy.vue.controller.BoardController  [0;39m [2m:[0;39m selectTag 호출 15
[2m2022-05-26 18:17:34.463[0;39m [32mDEBUG[0;39m [35m240[0;39m [2m---[0;39m [2m[nio-9999-exec-5][0;39m [36mc.ssafy.vue.controller.BoardController  [0;39m [2m:[0;39m selectTag 호출 14
[2m2022-05-26 18:17:34.463[0;39m [32mDEBUG[0;39m [35m240[0;39m [2m---[0;39m [2m[nio-9999-exec-7][0;39m [36mc.ssafy.vue.controller.BoardController  [0;39m [2m:[0;39m selectTag 호출 13
[2m2022-05-26 18:17:34.464[0;39m [32mDEBUG[0;39m [35m240[0;39m [2m---[0;39m [2m[io-9999-exec-10][0;39m [36mc.ssafy.vue.controller.BoardController  [0;39m [2m:[0;39m selectTag 호출 12
[2m2022-05-26 18:17:34.464[0;39m [32mDEBUG[0;39m [35m240[0;39m [2m---[0;39m [2m[nio-9999-exec-9][0;39m [36mc.ssafy.vue.controller.BoardController  [0;39m [2m:[0;39m selectTag 호출 7
[2m2022-05-26 18:17:34.466[0;39m [32mDEBUG[0;39m [35m240[0;39m [2m---[0;39m [2m[nio-9999-exec-1][0;39m [36mc.ssafy.vue.controller.BoardController  [0;39m [2m:[0;39m selectTag 호출 6
[2m2022-05-26 18:17:34.470[0;39m [32mDEBUG[0;39m [35m240[0;39m [2m---[0;39m [2m[nio-9999-exec-3][0;39m [36mc.ssafy.vue.controller.BoardController  [0;39m [2m:[0;39m selectTag 호출 5
[2m2022-05-26 18:17:34.470[0;39m [32mDEBUG[0;39m [35m240[0;39m [2m---[0;39m [2m[nio-9999-exec-6][0;39m [36mc.ssafy.vue.controller.BoardController  [0;39m [2m:[0;39m selectTag 호출 2
[2m2022-05-26 18:17:34.470[0;39m [32mDEBUG[0;39m [35m240[0;39m [2m---[0;39m [2m[nio-9999-exec-8][0;39m [36mc.ssafy.vue.controller.BoardController  [0;39m [2m:[0;39m selectTag 호출 4
[2m2022-05-26 18:17:34.470[0;39m [32mDEBUG[0;39m [35m240[0;39m [2m---[0;39m [2m[nio-9999-exec-2][0;39m [36mc.ssafy.vue.controller.BoardController  [0;39m [2m:[0;39m selectTag 호출 1
[2m2022-05-26 18:17:44.063[0;39m [32mDEBUG[0;39m [35m240[0;39m [2m---[0;39m [2m[nio-9999-exec-4][0;39m [36mc.ssafy.vue.controller.BoardController  [0;39m [2m:[0;39m listBoard 호출
[2m2022-05-26 18:17:44.091[0;39m [32mDEBUG[0;39m [35m240[0;39m [2m---[0;39m [2m[nio-9999-exec-7][0;39m [36mc.ssafy.vue.controller.BoardController  [0;39m [2m:[0;39m selectTag 호출 16
[2m2022-05-26 18:17:44.092[0;39m [32mDEBUG[0;39m [35m240[0;39m [2m---[0;39m [2m[nio-9999-exec-9][0;39m [36mc.ssafy.vue.controller.BoardController  [0;39m [2m:[0;39m selectTag 호출 14
[2m2022-05-26 18:17:44.092[0;39m [32mDEBUG[0;39m [35m240[0;39m [2m---[0;39m [2m[nio-9999-exec-5][0;39m [36mc.ssafy.vue.controller.BoardController  [0;39m [2m:[0;39m selectTag 호출 15
[2m2022-05-26 18:17:44.093[0;39m [32mDEBUG[0;39m [35m240[0;39m [2m---[0;39m [2m[nio-9999-exec-1][0;39m [36mc.ssafy.vue.controller.BoardController  [0;39m [2m:[0;39m selectTag 호출 12
[2m2022-05-26 18:17:44.093[0;39m [32mDEBUG[0;39m [35m240[0;39m [2m---[0;39m [2m[io-9999-exec-10][0;39m [36mc.ssafy.vue.controller.BoardController  [0;39m [2m:[0;39m selectTag 호출 7
[2m2022-05-26 18:17:44.094[0;39m [32mDEBUG[0;39m [35m240[0;39m [2m---[0;39m [2m[nio-9999-exec-8][0;39m [36mc.ssafy.vue.controller.BoardController  [0;39m [2m:[0;39m selectTag 호출 13
[2m2022-05-26 18:17:44.098[0;39m [32mDEBUG[0;39m [35m240[0;39m [2m---[0;39m [2m[nio-9999-exec-2][0;39m [36mc.ssafy.vue.controller.BoardController  [0;39m [2m:[0;39m selectTag 호출 6
[2m2022-05-26 18:17:44.098[0;39m [32mDEBUG[0;39m [35m240[0;39m [2m---[0;39m [2m[nio-9999-exec-3][0;39m [36mc.ssafy.vue.controller.BoardController  [0;39m [2m:[0;39m selectTag 호출 5
[2m2022-05-26 18:17:44.098[0;39m [32mDEBUG[0;39m [35m240[0;39m [2m---[0;39m [2m[nio-9999-exec-6][0;39m [36mc.ssafy.vue.controller.BoardController  [0;39m [2m:[0;39m selectTag 호출 4
[2m2022-05-26 18:17:44.099[0;39m [32mDEBUG[0;39m [35m240[0;39m [2m---[0;39m [2m[nio-9999-exec-5][0;39m [36mc.ssafy.vue.controller.BoardController  [0;39m [2m:[0;39m selectTag 호출 1
[2m2022-05-26 18:17:44.099[0;39m [32mDEBUG[0;39m [35m240[0;39m [2m---[0;39m [2m[nio-9999-exec-4][0;39m [36mc.ssafy.vue.controller.BoardController  [0;39m [2m:[0;39m selectTag 호출 2
[2m2022-05-26 18:18:15.129[0;39m [32mDEBUG[0;39m [35m240[0;39m [2m---[0;39m [2m[nio-9999-exec-1][0;39m [36mc.ssafy.vue.controller.BoardController  [0;39m [2m:[0;39m listBoard 호출
[2m2022-05-26 18:18:15.140[0;39m [32mDEBUG[0;39m [35m240[0;39m [2m---[0;39m [2m[nio-9999-exec-9][0;39m [36mc.ssafy.vue.controller.BoardController  [0;39m [2m:[0;39m selectTag 호출 16
[2m2022-05-26 18:18:15.143[0;39m [32mDEBUG[0;39m [35m240[0;39m [2m---[0;39m [2m[nio-9999-exec-7][0;39m [36mc.ssafy.vue.controller.BoardController  [0;39m [2m:[0;39m selectTag 호출 15
[2m2022-05-26 18:18:15.144[0;39m [32mDEBUG[0;39m [35m240[0;39m [2m---[0;39m [2m[nio-9999-exec-8][0;39m [36mc.ssafy.vue.controller.BoardController  [0;39m [2m:[0;39m selectTag 호출 14
[2m2022-05-26 18:18:15.144[0;39m [32mDEBUG[0;39m [35m240[0;39m [2m---[0;39m [2m[io-9999-exec-10][0;39m [36mc.ssafy.vue.controller.BoardController  [0;39m [2m:[0;39m selectTag 호출 13
[2m2022-05-26 18:18:15.146[0;39m [32mDEBUG[0;39m [35m240[0;39m [2m---[0;39m [2m[nio-9999-exec-2][0;39m [36mc.ssafy.vue.controller.BoardController  [0;39m [2m:[0;39m selectTag 호출 7
[2m2022-05-26 18:18:15.146[0;39m [32mDEBUG[0;39m [35m240[0;39m [2m---[0;39m [2m[nio-9999-exec-3][0;39m [36mc.ssafy.vue.controller.BoardController  [0;39m [2m:[0;39m selectTag 호출 12
[2m2022-05-26 18:18:15.147[0;39m [32mDEBUG[0;39m [35m240[0;39m [2m---[0;39m [2m[nio-9999-exec-6][0;39m [36mc.ssafy.vue.controller.BoardController  [0;39m [2m:[0;39m selectTag 호출 6
[2m2022-05-26 18:18:15.152[0;39m [32mDEBUG[0;39m [35m240[0;39m [2m---[0;39m [2m[nio-9999-exec-1][0;39m [36mc.ssafy.vue.controller.BoardController  [0;39m [2m:[0;39m selectTag 호출 2
[2m2022-05-26 18:18:15.152[0;39m [32mDEBUG[0;39m [35m240[0;39m [2m---[0;39m [2m[nio-9999-exec-9][0;39m [36mc.ssafy.vue.controller.BoardController  [0;39m [2m:[0;39m selectTag 호출 1
[2m2022-05-26 18:18:15.152[0;39m [32mDEBUG[0;39m [35m240[0;39m [2m---[0;39m [2m[nio-9999-exec-4][0;39m [36mc.ssafy.vue.controller.BoardController  [0;39m [2m:[0;39m selectTag 호출 4
[2m2022-05-26 18:18:15.152[0;39m [32mDEBUG[0;39m [35m240[0;39m [2m---[0;39m [2m[nio-9999-exec-5][0;39m [36mc.ssafy.vue.controller.BoardController  [0;39m [2m:[0;39m selectTag 호출 5
[2m2022-05-26 18:18:25.588[0;39m [32mDEBUG[0;39m [35m240[0;39m [2m---[0;39m [2m[nio-9999-exec-7][0;39m [36mc.ssafy.vue.controller.BoardController  [0;39m [2m:[0;39m listBoard 호출
[2m2022-05-26 18:18:25.606[0;39m [32mDEBUG[0;39m [35m240[0;39m [2m---[0;39m [2m[nio-9999-exec-8][0;39m [36mc.ssafy.vue.controller.BoardController  [0;39m [2m:[0;39m selectTag 호출 16
[2m2022-05-26 18:18:25.609[0;39m [32mDEBUG[0;39m [35m240[0;39m [2m---[0;39m [2m[io-9999-exec-10][0;39m [36mc.ssafy.vue.controller.BoardController  [0;39m [2m:[0;39m selectTag 호출 15
[2m2022-05-26 18:18:25.611[0;39m [32mDEBUG[0;39m [35m240[0;39m [2m---[0;39m [2m[nio-9999-exec-3][0;39m [36mc.ssafy.vue.controller.BoardController  [0;39m [2m:[0;39m selectTag 호출 14
[2m2022-05-26 18:18:25.612[0;39m [32mDEBUG[0;39m [35m240[0;39m [2m---[0;39m [2m[nio-9999-exec-6][0;39m [36mc.ssafy.vue.controller.BoardController  [0;39m [2m:[0;39m selectTag 호출 12
[2m2022-05-26 18:18:25.612[0;39m [32mDEBUG[0;39m [35m240[0;39m [2m---[0;39m [2m[nio-9999-exec-4][0;39m [36mc.ssafy.vue.controller.BoardController  [0;39m [2m:[0;39m selectTag 호출 7
[2m2022-05-26 18:18:25.612[0;39m [32mDEBUG[0;39m [35m240[0;39m [2m---[0;39m [2m[nio-9999-exec-2][0;39m [36mc.ssafy.vue.controller.BoardController  [0;39m [2m:[0;39m selectTag 호출 13
[2m2022-05-26 18:18:25.626[0;39m [32mDEBUG[0;39m [35m240[0;39m [2m---[0;39m [2m[nio-9999-exec-9][0;39m [36mc.ssafy.vue.controller.BoardController  [0;39m [2m:[0;39m selectTag 호출 6
[2m2022-05-26 18:18:25.628[0;39m [32mDEBUG[0;39m [35m240[0;39m [2m---[0;39m [2m[nio-9999-exec-1][0;39m [36mc.ssafy.vue.controller.BoardController  [0;39m [2m:[0;39m selectTag 호출 5
[2m2022-05-26 18:18:25.628[0;39m [32mDEBUG[0;39m [35m240[0;39m [2m---[0;39m [2m[nio-9999-exec-5][0;39m [36mc.ssafy.vue.controller.BoardController  [0;39m [2m:[0;39m selectTag 호출 4
[2m2022-05-26 18:18:25.629[0;39m [32mDEBUG[0;39m [35m240[0;39m [2m---[0;39m [2m[nio-9999-exec-7][0;39m [36mc.ssafy.vue.controller.BoardController  [0;39m [2m:[0;39m selectTag 호출 2
[2m2022-05-26 18:18:25.630[0;39m [32mDEBUG[0;39m [35m240[0;39m [2m---[0;39m [2m[nio-9999-exec-8][0;39m [36mc.ssafy.vue.controller.BoardController  [0;39m [2m:[0;39m selectTag 호출 1
[2m2022-05-26 18:18:34.957[0;39m [32mDEBUG[0;39m [35m240[0;39m [2m---[0;39m [2m[io-9999-exec-10][0;39m [36mc.ssafy.vue.controller.BoardController  [0;39m [2m:[0;39m listBoard 호출
[2m2022-05-26 18:18:34.971[0;39m [32mDEBUG[0;39m [35m240[0;39m [2m---[0;39m [2m[nio-9999-exec-3][0;39m [36mc.ssafy.vue.controller.BoardController  [0;39m [2m:[0;39m selectTag 호출 16
[2m2022-05-26 18:18:34.971[0;39m [32mDEBUG[0;39m [35m240[0;39m [2m---[0;39m [2m[nio-9999-exec-4][0;39m [36mc.ssafy.vue.controller.BoardController  [0;39m [2m:[0;39m selectTag 호출 15
[2m2022-05-26 18:18:34.974[0;39m [32mDEBUG[0;39m [35m240[0;39m [2m---[0;39m [2m[nio-9999-exec-6][0;39m [36mc.ssafy.vue.controller.BoardController  [0;39m [2m:[0;39m selectTag 호출 14
[2m2022-05-26 18:18:34.974[0;39m [32mDEBUG[0;39m [35m240[0;39m [2m---[0;39m [2m[nio-9999-exec-9][0;39m [36mc.ssafy.vue.controller.BoardController  [0;39m [2m:[0;39m selectTag 호출 12
[2m2022-05-26 18:18:34.974[0;39m [32mDEBUG[0;39m [35m240[0;39m [2m---[0;39m [2m[nio-9999-exec-2][0;39m [36mc.ssafy.vue.controller.BoardController  [0;39m [2m:[0;39m selectTag 호출 13
[2m2022-05-26 18:18:34.975[0;39m [32mDEBUG[0;39m [35m240[0;39m [2m---[0;39m [2m[nio-9999-exec-5][0;39m [36mc.ssafy.vue.controller.BoardController  [0;39m [2m:[0;39m selectTag 호출 7
[2m2022-05-26 18:18:34.978[0;39m [32mDEBUG[0;39m [35m240[0;39m [2m---[0;39m [2m[nio-9999-exec-7][0;39m [36mc.ssafy.vue.controller.BoardController  [0;39m [2m:[0;39m selectTag 호출 5
[2m2022-05-26 18:18:34.978[0;39m [32mDEBUG[0;39m [35m240[0;39m [2m---[0;39m [2m[nio-9999-exec-1][0;39m [36mc.ssafy.vue.controller.BoardController  [0;39m [2m:[0;39m selectTag 호출 6
[2m2022-05-26 18:18:34.981[0;39m [32mDEBUG[0;39m [35m240[0;39m [2m---[0;39m [2m[nio-9999-exec-8][0;39m [36mc.ssafy.vue.controller.BoardController  [0;39m [2m:[0;39m selectTag 호출 4
[2m2022-05-26 18:18:34.981[0;39m [32mDEBUG[0;39m [35m240[0;39m [2m---[0;39m [2m[io-9999-exec-10][0;39m [36mc.ssafy.vue.controller.BoardController  [0;39m [2m:[0;39m selectTag 호출 2
[2m2022-05-26 18:18:34.981[0;39m [32mDEBUG[0;39m [35m240[0;39m [2m---[0;39m [2m[nio-9999-exec-4][0;39m [36mc.ssafy.vue.controller.BoardController  [0;39m [2m:[0;39m selectTag 호출 1
[2m2022-05-26 18:18:36.996[0;39m [32mDEBUG[0;39m [35m240[0;39m [2m---[0;39m [2m[nio-9999-exec-3][0;39m [36mc.ssafy.vue.controller.BoardController  [0;39m [2m:[0;39m selectBoard 호출
[2m2022-05-26 18:18:36.996[0;39m [32mDEBUG[0;39m [35m240[0;39m [2m---[0;39m [2m[nio-9999-exec-6][0;39m [36mc.ssafy.vue.controller.BoardController  [0;39m [2m:[0;39m selectTag 호출 15
[2m2022-05-26 18:18:37.008[0;39m [32mDEBUG[0;39m [35m240[0;39m [2m---[0;39m [2m[nio-9999-exec-5][0;39m [36mc.ssafy.vue.controller.BoardController  [0;39m [2m:[0;39m updateView 호출 15
[2m2022-05-26 18:18:37.846[0;39m [32mDEBUG[0;39m [35m240[0;39m [2m---[0;39m [2m[nio-9999-exec-2][0;39m [36mc.ssafy.vue.controller.BoardController  [0;39m [2m:[0;39m listBoard 호출
[2m2022-05-26 18:18:37.857[0;39m [32mDEBUG[0;39m [35m240[0;39m [2m---[0;39m [2m[nio-9999-exec-1][0;39m [36mc.ssafy.vue.controller.BoardController  [0;39m [2m:[0;39m selectTag 호출 16
[2m2022-05-26 18:18:37.860[0;39m [32mDEBUG[0;39m [35m240[0;39m [2m---[0;39m [2m[nio-9999-exec-7][0;39m [36mc.ssafy.vue.controller.BoardController  [0;39m [2m:[0;39m selectTag 호출 15
[2m2022-05-26 18:18:37.864[0;39m [32mDEBUG[0;39m [35m240[0;39m [2m---[0;39m [2m[io-9999-exec-10][0;39m [36mc.ssafy.vue.controller.BoardController  [0;39m [2m:[0;39m selectTag 호출 14
[2m2022-05-26 18:18:37.865[0;39m [32mDEBUG[0;39m [35m240[0;39m [2m---[0;39m [2m[nio-9999-exec-4][0;39m [36mc.ssafy.vue.controller.BoardController  [0;39m [2m:[0;39m selectTag 호출 13
[2m2022-05-26 18:18:37.866[0;39m [32mDEBUG[0;39m [35m240[0;39m [2m---[0;39m [2m[nio-9999-exec-8][0;39m [36mc.ssafy.vue.controller.BoardController  [0;39m [2m:[0;39m selectTag 호출 12
[2m2022-05-26 18:18:37.868[0;39m [32mDEBUG[0;39m [35m240[0;39m [2m---[0;39m [2m[nio-9999-exec-9][0;39m [36mc.ssafy.vue.controller.BoardController  [0;39m [2m:[0;39m selectTag 호출 7
[2m2022-05-26 18:18:37.871[0;39m [32mDEBUG[0;39m [35m240[0;39m [2m---[0;39m [2m[nio-9999-exec-6][0;39m [36mc.ssafy.vue.controller.BoardController  [0;39m [2m:[0;39m selectTag 호출 6
[2m2022-05-26 18:18:37.873[0;39m [32mDEBUG[0;39m [35m240[0;39m [2m---[0;39m [2m[nio-9999-exec-3][0;39m [36mc.ssafy.vue.controller.BoardController  [0;39m [2m:[0;39m selectTag 호출 5
[2m2022-05-26 18:18:37.876[0;39m [32mDEBUG[0;39m [35m240[0;39m [2m---[0;39m [2m[nio-9999-exec-5][0;39m [36mc.ssafy.vue.controller.BoardController  [0;39m [2m:[0;39m selectTag 호출 4
[2m2022-05-26 18:18:37.877[0;39m [32mDEBUG[0;39m [35m240[0;39m [2m---[0;39m [2m[nio-9999-exec-2][0;39m [36mc.ssafy.vue.controller.BoardController  [0;39m [2m:[0;39m selectTag 호출 2
[2m2022-05-26 18:18:37.878[0;39m [32mDEBUG[0;39m [35m240[0;39m [2m---[0;39m [2m[nio-9999-exec-1][0;39m [36mc.ssafy.vue.controller.BoardController  [0;39m [2m:[0;39m selectTag 호출 1
[2m2022-05-26 18:18:41.444[0;39m [32mDEBUG[0;39m [35m240[0;39m [2m---[0;39m [2m[nio-9999-exec-7][0;39m [36mc.ssafy.vue.controller.BoardController  [0;39m [2m:[0;39m listBoard 호출
[2m2022-05-26 18:18:41.457[0;39m [32mDEBUG[0;39m [35m240[0;39m [2m---[0;39m [2m[io-9999-exec-10][0;39m [36mc.ssafy.vue.controller.BoardController  [0;39m [2m:[0;39m selectTag 호출 16
[2m2022-05-26 18:18:41.458[0;39m [32mDEBUG[0;39m [35m240[0;39m [2m---[0;39m [2m[nio-9999-exec-4][0;39m [36mc.ssafy.vue.controller.BoardController  [0;39m [2m:[0;39m selectTag 호출 15
[2m2022-05-26 18:18:41.459[0;39m [32mDEBUG[0;39m [35m240[0;39m [2m---[0;39m [2m[nio-9999-exec-8][0;39m [36mc.ssafy.vue.controller.BoardController  [0;39m [2m:[0;39m selectTag 호출 14
[2m2022-05-26 18:18:41.461[0;39m [32mDEBUG[0;39m [35m240[0;39m [2m---[0;39m [2m[io-9999-exec-10][0;39m [36mc.ssafy.vue.controller.BoardController  [0;39m [2m:[0;39m selectTag 호출 12
[2m2022-05-26 18:18:41.461[0;39m [32mDEBUG[0;39m [35m240[0;39m [2m---[0;39m [2m[nio-9999-exec-9][0;39m [36mc.ssafy.vue.controller.BoardController  [0;39m [2m:[0;39m selectTag 호출 13
[2m2022-05-26 18:18:41.461[0;39m [32mDEBUG[0;39m [35m240[0;39m [2m---[0;39m [2m[nio-9999-exec-4][0;39m [36mc.ssafy.vue.controller.BoardController  [0;39m [2m:[0;39m selectTag 호출 7
[2m2022-05-26 18:18:41.465[0;39m [32mDEBUG[0;39m [35m240[0;39m [2m---[0;39m [2m[nio-9999-exec-5][0;39m [36mc.ssafy.vue.controller.BoardController  [0;39m [2m:[0;39m selectTag 호출 6
[2m2022-05-26 18:18:41.465[0;39m [32mDEBUG[0;39m [35m240[0;39m [2m---[0;39m [2m[nio-9999-exec-1][0;39m [36mc.ssafy.vue.controller.BoardController  [0;39m [2m:[0;39m selectTag 호출 4
[2m2022-05-26 18:18:41.465[0;39m [32mDEBUG[0;39m [35m240[0;39m [2m---[0;39m [2m[nio-9999-exec-2][0;39m [36mc.ssafy.vue.controller.BoardController  [0;39m [2m:[0;39m selectTag 호출 5
[2m2022-05-26 18:18:41.467[0;39m [32mDEBUG[0;39m [35m240[0;39m [2m---[0;39m [2m[nio-9999-exec-7][0;39m [36mc.ssafy.vue.controller.BoardController  [0;39m [2m:[0;39m selectTag 호출 2
[2m2022-05-26 18:18:41.467[0;39m [32mDEBUG[0;39m [35m240[0;39m [2m---[0;39m [2m[nio-9999-exec-8][0;39m [36mc.ssafy.vue.controller.BoardController  [0;39m [2m:[0;39m selectTag 호출 1
[2m2022-05-26 18:19:05.398[0;39m [32mDEBUG[0;39m [35m240[0;39m [2m---[0;39m [2m[nio-9999-exec-6][0;39m [36mc.ssafy.vue.controller.BoardController  [0;39m [2m:[0;39m listBoard 호출
[2m2022-05-26 18:19:05.412[0;39m [32mDEBUG[0;39m [35m240[0;39m [2m---[0;39m [2m[nio-9999-exec-3][0;39m [36mc.ssafy.vue.controller.BoardController  [0;39m [2m:[0;39m selectTag 호출 16
[2m2022-05-26 18:19:05.412[0;39m [32mDEBUG[0;39m [35m240[0;39m [2m---[0;39m [2m[nio-9999-exec-9][0;39m [36mc.ssafy.vue.controller.BoardController  [0;39m [2m:[0;39m selectTag 호출 15
[2m2022-05-26 18:19:05.412[0;39m [32mDEBUG[0;39m [35m240[0;39m [2m---[0;39m [2m[io-9999-exec-10][0;39m [36mc.ssafy.vue.controller.BoardController  [0;39m [2m:[0;39m selectTag 호출 14
[2m2022-05-26 18:19:05.414[0;39m [32mDEBUG[0;39m [35m240[0;39m [2m---[0;39m [2m[nio-9999-exec-1][0;39m [36mc.ssafy.vue.controller.BoardController  [0;39m [2m:[0;39m selectTag 호출 12
[2m2022-05-26 18:19:05.414[0;39m [32mDEBUG[0;39m [35m240[0;39m [2m---[0;39m [2m[nio-9999-exec-4][0;39m [36mc.ssafy.vue.controller.BoardController  [0;39m [2m:[0;39m selectTag 호출 13
[2m2022-05-26 18:19:05.414[0;39m [32mDEBUG[0;39m [35m240[0;39m [2m---[0;39m [2m[nio-9999-exec-7][0;39m [36mc.ssafy.vue.controller.BoardController  [0;39m [2m:[0;39m selectTag 호출 7
[2m2022-05-26 18:19:05.418[0;39m [32mDEBUG[0;39m [35m240[0;39m [2m---[0;39m [2m[nio-9999-exec-5][0;39m [36mc.ssafy.vue.controller.BoardController  [0;39m [2m:[0;39m selectTag 호출 6
[2m2022-05-26 18:19:05.418[0;39m [32mDEBUG[0;39m [35m240[0;39m [2m---[0;39m [2m[nio-9999-exec-8][0;39m [36mc.ssafy.vue.controller.BoardController  [0;39m [2m:[0;39m selectTag 호출 4
[2m2022-05-26 18:19:05.418[0;39m [32mDEBUG[0;39m [35m240[0;39m [2m---[0;39m [2m[nio-9999-exec-2][0;39m [36mc.ssafy.vue.controller.BoardController  [0;39m [2m:[0;39m selectTag 호출 5
[2m2022-05-26 18:19:05.421[0;39m [32mDEBUG[0;39m [35m240[0;39m [2m---[0;39m [2m[nio-9999-exec-6][0;39m [36mc.ssafy.vue.controller.BoardController  [0;39m [2m:[0;39m selectTag 호출 2
[2m2022-05-26 18:19:05.421[0;39m [32mDEBUG[0;39m [35m240[0;39m [2m---[0;39m [2m[nio-9999-exec-9][0;39m [36mc.ssafy.vue.controller.BoardController  [0;39m [2m:[0;39m selectTag 호출 1
[2m2022-05-26 18:19:36.350[0;39m [32m INFO[0;39m [35m240[0;39m [2m---[0;39m [2m[n(19)-127.0.0.1][0;39m [36minMXBeanRegistrar$SpringApplicationAdmin[0;39m [2m:[0;39m Application shutdown requested.
[2m2022-05-26 19:21:33.857[0;39m [32m INFO[0;39m [35m35916[0;39m [2m---[0;39m [2m[  restartedMain][0;39m [36m.e.DevToolsPropertyDefaultsPostProcessor[0;39m [2m:[0;39m Devtools property defaults active! Set 'spring.devtools.add-properties' to 'false' to disable
[2m2022-05-26 19:21:33.859[0;39m [32m INFO[0;39m [35m35916[0;39m [2m---[0;39m [2m[  restartedMain][0;39m [36m.e.DevToolsPropertyDefaultsPostProcessor[0;39m [2m:[0;39m For additional web related logging consider setting the 'logging.level.web' property to 'DEBUG'
[2m2022-05-26 19:21:34.931[0;39m [32m INFO[0;39m [35m35916[0;39m [2m---[0;39m [2m[  restartedMain][0;39m [36mo.s.b.w.embedded.tomcat.TomcatWebServer [0;39m [2m:[0;39m Tomcat initialized with port(s): 9999 (http)
[2m2022-05-26 19:21:35.095[0;39m [32m INFO[0;39m [35m35916[0;39m [2m---[0;39m [2m[  restartedMain][0;39m [36mw.s.c.ServletWebServerApplicationContext[0;39m [2m:[0;39m Root WebApplicationContext: initialization completed in 1236 ms
[2m2022-05-26 19:21:35.960[0;39m [32m INFO[0;39m [35m35916[0;39m [2m---[0;39m [2m[  restartedMain][0;39m [36mo.s.b.d.a.OptionalLiveReloadServer      [0;39m [2m:[0;39m LiveReload server is running on port 35729
[2m2022-05-26 19:21:36.106[0;39m [32m INFO[0;39m [35m35916[0;39m [2m---[0;39m [2m[  restartedMain][0;39m [36mo.s.b.w.embedded.tomcat.TomcatWebServer [0;39m [2m:[0;39m Tomcat started on port(s): 9999 (http) with context path ''
[2m2022-05-26 19:25:31.221[0;39m [32m INFO[0;39m [35m35916[0;39m [2m---[0;39m [2m[nio-9999-exec-1][0;39m [36mo.s.web.servlet.DispatcherServlet       [0;39m [2m:[0;39m Initializing Servlet 'dispatcherServlet'
[2m2022-05-26 19:25:31.223[0;39m [32m INFO[0;39m [35m35916[0;39m [2m---[0;39m [2m[nio-9999-exec-1][0;39m [36mo.s.web.servlet.DispatcherServlet       [0;39m [2m:[0;39m Completed initialization in 1 ms
[2m2022-05-26 19:25:31.252[0;39m [32mDEBUG[0;39m [35m35916[0;39m [2m---[0;39m [2m[nio-9999-exec-1][0;39m [36mc.ssafy.vue.controller.BoardController  [0;39m [2m:[0;39m listBoard 호출
[2m2022-05-26 19:25:31.512[0;39m [32mDEBUG[0;39m [35m35916[0;39m [2m---[0;39m [2m[nio-9999-exec-4][0;39m [36mc.ssafy.vue.controller.BoardController  [0;39m [2m:[0;39m selectTag 호출 14
[2m2022-05-26 19:25:31.512[0;39m [32mDEBUG[0;39m [35m35916[0;39m [2m---[0;39m [2m[nio-9999-exec-3][0;39m [36mc.ssafy.vue.controller.BoardController  [0;39m [2m:[0;39m selectTag 호출 15
[2m2022-05-26 19:25:31.512[0;39m [32mDEBUG[0;39m [35m35916[0;39m [2m---[0;39m [2m[nio-9999-exec-5][0;39m [36mc.ssafy.vue.controller.BoardController  [0;39m [2m:[0;39m selectTag 호출 13
[2m2022-05-26 19:25:31.512[0;39m [32mDEBUG[0;39m [35m35916[0;39m [2m---[0;39m [2m[nio-9999-exec-7][0;39m [36mc.ssafy.vue.controller.BoardController  [0;39m [2m:[0;39m selectTag 호출 7
[2m2022-05-26 19:25:31.512[0;39m [32mDEBUG[0;39m [35m35916[0;39m [2m---[0;39m [2m[nio-9999-exec-2][0;39m [36mc.ssafy.vue.controller.BoardController  [0;39m [2m:[0;39m selectTag 호출 16
[2m2022-05-26 19:25:31.512[0;39m [32mDEBUG[0;39m [35m35916[0;39m [2m---[0;39m [2m[nio-9999-exec-6][0;39m [36mc.ssafy.vue.controller.BoardController  [0;39m [2m:[0;39m selectTag 호출 12
[2m2022-05-26 19:25:31.531[0;39m [32mDEBUG[0;39m [35m35916[0;39m [2m---[0;39m [2m[io-9999-exec-10][0;39m [36mc.ssafy.vue.controller.BoardController  [0;39m [2m:[0;39m selectTag 호출 4
[2m2022-05-26 19:25:31.532[0;39m [32mDEBUG[0;39m [35m35916[0;39m [2m---[0;39m [2m[nio-9999-exec-1][0;39m [36mc.ssafy.vue.controller.BoardController  [0;39m [2m:[0;39m selectTag 호출 2
[2m2022-05-26 19:25:31.533[0;39m [32mDEBUG[0;39m [35m35916[0;39m [2m---[0;39m [2m[nio-9999-exec-9][0;39m [36mc.ssafy.vue.controller.BoardController  [0;39m [2m:[0;39m selectTag 호출 5
[2m2022-05-26 19:25:31.537[0;39m [32mDEBUG[0;39m [35m35916[0;39m [2m---[0;39m [2m[nio-9999-exec-8][0;39m [36mc.ssafy.vue.controller.BoardController  [0;39m [2m:[0;39m selectTag 호출 6
[2m2022-05-26 19:25:31.542[0;39m [32mDEBUG[0;39m [35m35916[0;39m [2m---[0;39m [2m[nio-9999-exec-5][0;39m [36mc.ssafy.vue.controller.BoardController  [0;39m [2m:[0;39m selectTag 호출 1
[2m2022-05-26 20:24:54.387[0;39m [32m INFO[0;39m [35m35916[0;39m [2m---[0;39m [2m[n(73)-127.0.0.1][0;39m [36minMXBeanRegistrar$SpringApplicationAdmin[0;39m [2m:[0;39m Application shutdown requested.
